<?xml version="1.0" encoding="UTF-8"?>
<!-- Generated by org.testng.reporters.JUnitXMLReporter -->
<testsuite ignored="0" hostname="LAPTOP-OCOKALL5" failures="0" tests="5" name="Default test" time="0.091" errors="0" timestamp="2022-03-29T09:11:18 IST">
  <testcase classname="TestNG.DataProviderPractise" name="test" time="0.008"/>
  <testcase classname="TestNG.DataProviderPractise" name="test" time="0.002"/>
  <testcase classname="TestNG.DataProviderPractise" name="test" time="0.002"/>
  <testcase classname="TestNG.DataProviderPractise" name="test" time="0.001"/>
  <testcase classname="TestNG.DataProviderPractise" name="test" time="0.004"/>
</testsuite> <!-- Default test -->
