<?xml version="1.0" encoding="UTF-8"?>
<!-- Generated by org.testng.reporters.JUnitXMLReporter -->
<testsuite ignored="5" hostname="LAPTOP-OCOKALL5" failures="0" tests="4" name="Test" time="63.583" errors="0" timestamp="2022-03-29T10:18:50 IST">
  <testcase classname="TestNG.NewTest1" name="test" time="3.303"/>
  <testcase classname="TestNG.NewTest2" name="clickOnBookslinkTest" time="0.813"/>
  <testcase classname="TestNG.NewTest2" name="getlink" time="0.021"/>
  <testcase classname="TestNG.NewTest2" name="registerinapp" time="3.041"/>
  <testcase classname="TestNG.NewTest1" name="test3" time="0.0">
    <ignored/>
  </testcase> <!-- test3 -->
  <testcase classname="TestNG.NewTest1" name="test5" time="0.0">
    <ignored/>
  </testcase> <!-- test5 -->
  <testcase classname="TestNG.NewTest2" name="login" time="0.0">
    <ignored/>
  </testcase> <!-- login -->
  <testcase classname="TestNG.NewTest1" name="test4" time="0.0">
    <ignored/>
  </testcase> <!-- test4 -->
  <testcase classname="TestNG.NewTest1" name="test1" time="0.0">
    <ignored/>
  </testcase> <!-- test1 -->
</testsuite> <!-- Test -->
